<?xml version="1.0" encoding="UTF-8"?>
<testng-results skipped="0" failed="0" total="1" passed="1">
  <reporter-output>
  </reporter-output>
  <suite name="Default suite" duration-ms="33919" started-at="2015-06-18T10:06:45Z" finished-at="2015-06-18T10:07:19Z">
    <groups>
    </groups>
    <test name="Default test" duration-ms="33919" started-at="2015-06-18T10:06:45Z" finished-at="2015-06-18T10:07:19Z">
      <class name="com.softserveinc.edu.ita.tasks.Weather">
        <test-method status="PASS" signature="firstTest(com.softserve.edu.ita.tools.IBrowser, java.lang.String)[pri:0, instance:com.softserveinc.edu.ita.tasks.Weather@7f690630]" name="firstTest" duration-ms="33438" started-at="2015-06-18T13:06:45Z" data-provider="firstTest" finished-at="2015-06-18T13:07:19Z">
          <params>
            <param index="0">
              <value>
                <![CDATA[com.softserve.edu.ita.tools.FirefoxBrowser@7c0e2abd]]>
              </value>
            </param>
            <param index="1">
              <value>
                <![CDATA[http://www.yandex.ru/]]>
              </value>
            </param>
          </params>
          <reporter-output>
          </reporter-output>
        </test-method> <!-- firstTest -->
        <test-method status="PASS" signature="tearDownAfterClass()[pri:0, instance:com.softserveinc.edu.ita.tasks.Weather@7f690630]" name="tearDownAfterClass" is-config="true" duration-ms="437" started-at="2015-06-18T13:07:19Z" finished-at="2015-06-18T13:07:19Z">
          <reporter-output>
          </reporter-output>
        </test-method> <!-- tearDownAfterClass -->
      </class> <!-- com.softserveinc.edu.ita.tasks.Weather -->
    </test> <!-- Default test -->
  </suite> <!-- Default suite -->
</testng-results>
